C:\xampp\htdocs\perpus.puskom.uncen.ac.id\.htaccess
C:\xampp\htdocs\perpus.puskom.uncen.ac.id\composer.json
C:\xampp\htdocs\perpus.puskom.uncen.ac.id\controllers\AnnouncementController.php
C:\xampp\htdocs\perpus.puskom.uncen.ac.id\controllers\ApiController.php
C:\xampp\htdocs\perpus.puskom.uncen.ac.id\controllers\BreadcrumblinksaddspController.php
C:\xampp\htdocs\perpus.puskom.uncen.ac.id\controllers\BreadcrumblinkscheckspController.php
C:\xampp\htdocs\perpus.puskom.uncen.ac.id\controllers\BreadcrumblinksdeletespController.php
C:\xampp\htdocs\perpus.puskom.uncen.ac.id\controllers\BreadcrumblinksmovespController.php
C:\xampp\htdocs\perpus.puskom.uncen.ac.id\controllers\ControllerBase.php
C:\xampp\htdocs\perpus.puskom.uncen.ac.id\controllers\FakultasController.php
C:\xampp\htdocs\perpus.puskom.uncen.ac.id\controllers\HelpCategoriesController.php
C:\xampp\htdocs\perpus.puskom.uncen.ac.id\controllers\HelpController.php
C:\xampp\htdocs\perpus.puskom.uncen.ac.id\controllers\HomeController.php
C:\xampp\htdocs\perpus.puskom.uncen.ac.id\controllers\JurusanController.php
C:\xampp\htdocs\perpus.puskom.uncen.ac.id\controllers\LanguagesController.php
C:\xampp\htdocs\perpus.puskom.uncen.ac.id\controllers\LoadaboutusController.php
C:\xampp\htdocs\perpus.puskom.uncen.ac.id\controllers\LoadhelponlineController.php
C:\xampp\htdocs\perpus.puskom.uncen.ac.id\controllers\LoadtermsconditionsController.php
C:\xampp\htdocs\perpus.puskom.uncen.ac.id\controllers\MahasiswaController.php
C:\xampp\htdocs\perpus.puskom.uncen.ac.id\controllers\OthersController.php
C:\xampp\htdocs\perpus.puskom.uncen.ac.id\controllers\PejabatController.php
C:\xampp\htdocs\perpus.puskom.uncen.ac.id\controllers\PrinttermsconditionsController.php
C:\xampp\htdocs\perpus.puskom.uncen.ac.id\controllers\ProgramStudiController.php
C:\xampp\htdocs\perpus.puskom.uncen.ac.id\controllers\SettingsController.php
C:\xampp\htdocs\perpus.puskom.uncen.ac.id\controllers\SuratKeteranganController.php
C:\xampp\htdocs\perpus.puskom.uncen.ac.id\controllers\SuratketController.php
C:\xampp\htdocs\perpus.puskom.uncen.ac.id\controllers\TheuserprofileController.php
C:\xampp\htdocs\perpus.puskom.uncen.ac.id\controllers\UserlevelpermissionsController.php
C:\xampp\htdocs\perpus.puskom.uncen.ac.id\controllers\UserlevelsController.php
C:\xampp\htdocs\perpus.puskom.uncen.ac.id\controllers\UsersController.php
C:\xampp\htdocs\perpus.puskom.uncen.ac.id\controllers\VsrtketController.php
C:\xampp\htdocs\perpus.puskom.uncen.ac.id\css\ewpdf.scss
C:\xampp\htdocs\perpus.puskom.uncen.ac.id\css\jquery.overlayScrollbars.css
C:\xampp\htdocs\perpus.puskom.uncen.ac.id\css\perpus2025baru.scss
C:\xampp\htdocs\perpus.puskom.uncen.ac.id\css\query-builder.scss
C:\xampp\htdocs\perpus.puskom.uncen.ac.id\css\tabulator_bootstrap5.scss
C:\xampp\htdocs\perpus.puskom.uncen.ac.id\css\tempus-dominus.scss
C:\xampp\htdocs\perpus.puskom.uncen.ac.id\files\index.html
C:\xampp\htdocs\perpus.puskom.uncen.ac.id\index.php
C:\xampp\htdocs\perpus.puskom.uncen.ac.id\jquery\jquery.inputmask.js
C:\xampp\htdocs\perpus.puskom.uncen.ac.id\jquery\jquery.inputmask.min.js
C:\xampp\htdocs\perpus.puskom.uncen.ac.id\jquery\jquery.jtable.js
C:\xampp\htdocs\perpus.puskom.uncen.ac.id\jquery\jquery.jtable.min.js
C:\xampp\htdocs\perpus.puskom.uncen.ac.id\jquery\jquery.overlayScrollbars.js
C:\xampp\htdocs\perpus.puskom.uncen.ac.id\jquery\jquery.overlayScrollbars.min.js
C:\xampp\htdocs\perpus.puskom.uncen.ac.id\jquery\msjqueryinputmask.js
C:\xampp\htdocs\perpus.puskom.uncen.ac.id\js\eweditor.js
C:\xampp\htdocs\perpus.puskom.uncen.ac.id\js\ewfixedheadertable.js
C:\xampp\htdocs\perpus.puskom.uncen.ac.id\js\masinoew.js
C:\xampp\htdocs\perpus.puskom.uncen.ac.id\js\masinoewcore.js
C:\xampp\htdocs\perpus.puskom.uncen.ac.id\js\userevent.js
C:\xampp\htdocs\perpus.puskom.uncen.ac.id\js\userfn.js
C:\xampp\htdocs\perpus.puskom.uncen.ac.id\js\userprivmod.js
C:\xampp\htdocs\perpus.puskom.uncen.ac.id\js\userprivori.js
C:\xampp\htdocs\perpus.puskom.uncen.ac.id\log\index.html
C:\xampp\htdocs\perpus.puskom.uncen.ac.id\models\Announcement.php
C:\xampp\htdocs\perpus.puskom.uncen.ac.id\models\AnnouncementAdd.php
C:\xampp\htdocs\perpus.puskom.uncen.ac.id\models\AnnouncementDelete.php
C:\xampp\htdocs\perpus.puskom.uncen.ac.id\models\AnnouncementEdit.php
C:\xampp\htdocs\perpus.puskom.uncen.ac.id\models\AnnouncementList.php
C:\xampp\htdocs\perpus.puskom.uncen.ac.id\models\AnnouncementView.php
C:\xampp\htdocs\perpus.puskom.uncen.ac.id\models\Breadcrumblinksaddsp.php
C:\xampp\htdocs\perpus.puskom.uncen.ac.id\models\Breadcrumblinkschecksp.php
C:\xampp\htdocs\perpus.puskom.uncen.ac.id\models\Breadcrumblinksdeletesp.php
C:\xampp\htdocs\perpus.puskom.uncen.ac.id\models\Breadcrumblinksmovesp.php
C:\xampp\htdocs\perpus.puskom.uncen.ac.id\models\Captcha.php
C:\xampp\htdocs\perpus.puskom.uncen.ac.id\models\ChangePassword.php
C:\xampp\htdocs\perpus.puskom.uncen.ac.id\models\Fakultas.php
C:\xampp\htdocs\perpus.puskom.uncen.ac.id\models\FakultasAdd.php
C:\xampp\htdocs\perpus.puskom.uncen.ac.id\models\FakultasDelete.php
C:\xampp\htdocs\perpus.puskom.uncen.ac.id\models\FakultasEdit.php
C:\xampp\htdocs\perpus.puskom.uncen.ac.id\models\FakultasList.php
C:\xampp\htdocs\perpus.puskom.uncen.ac.id\models\FakultasView.php
C:\xampp\htdocs\perpus.puskom.uncen.ac.id\models\Help.php
C:\xampp\htdocs\perpus.puskom.uncen.ac.id\models\HelpAdd.php
C:\xampp\htdocs\perpus.puskom.uncen.ac.id\models\HelpCategories.php
C:\xampp\htdocs\perpus.puskom.uncen.ac.id\models\HelpCategoriesAdd.php
C:\xampp\htdocs\perpus.puskom.uncen.ac.id\models\HelpCategoriesDelete.php
C:\xampp\htdocs\perpus.puskom.uncen.ac.id\models\HelpCategoriesEdit.php
C:\xampp\htdocs\perpus.puskom.uncen.ac.id\models\HelpCategoriesList.php
C:\xampp\htdocs\perpus.puskom.uncen.ac.id\models\HelpCategoriesView.php
C:\xampp\htdocs\perpus.puskom.uncen.ac.id\models\HelpDelete.php
C:\xampp\htdocs\perpus.puskom.uncen.ac.id\models\HelpEdit.php
C:\xampp\htdocs\perpus.puskom.uncen.ac.id\models\HelpGrid.php
C:\xampp\htdocs\perpus.puskom.uncen.ac.id\models\HelpList.php
C:\xampp\htdocs\perpus.puskom.uncen.ac.id\models\HelpPreview.php
C:\xampp\htdocs\perpus.puskom.uncen.ac.id\models\HelpView.php
C:\xampp\htdocs\perpus.puskom.uncen.ac.id\models\Home.php
C:\xampp\htdocs\perpus.puskom.uncen.ac.id\models\Jurusan.php
C:\xampp\htdocs\perpus.puskom.uncen.ac.id\models\JurusanAdd.php
C:\xampp\htdocs\perpus.puskom.uncen.ac.id\models\JurusanDelete.php
C:\xampp\htdocs\perpus.puskom.uncen.ac.id\models\JurusanEdit.php
C:\xampp\htdocs\perpus.puskom.uncen.ac.id\models\JurusanList.php
C:\xampp\htdocs\perpus.puskom.uncen.ac.id\models\JurusanView.php
C:\xampp\htdocs\perpus.puskom.uncen.ac.id\models\Languages.php
C:\xampp\htdocs\perpus.puskom.uncen.ac.id\models\LanguagesAdd.php
C:\xampp\htdocs\perpus.puskom.uncen.ac.id\models\LanguagesDelete.php
C:\xampp\htdocs\perpus.puskom.uncen.ac.id\models\LanguagesEdit.php
C:\xampp\htdocs\perpus.puskom.uncen.ac.id\models\LanguagesList.php
C:\xampp\htdocs\perpus.puskom.uncen.ac.id\models\LanguagesView.php
C:\xampp\htdocs\perpus.puskom.uncen.ac.id\models\Loadaboutus.php
C:\xampp\htdocs\perpus.puskom.uncen.ac.id\models\Loadhelponline.php
C:\xampp\htdocs\perpus.puskom.uncen.ac.id\models\Loadtermsconditions.php
C:\xampp\htdocs\perpus.puskom.uncen.ac.id\models\Login.php
C:\xampp\htdocs\perpus.puskom.uncen.ac.id\models\Mahasiswa.php
C:\xampp\htdocs\perpus.puskom.uncen.ac.id\models\MahasiswaAdd.php
C:\xampp\htdocs\perpus.puskom.uncen.ac.id\models\MahasiswaDelete.php
C:\xampp\htdocs\perpus.puskom.uncen.ac.id\models\MahasiswaEdit.php
C:\xampp\htdocs\perpus.puskom.uncen.ac.id\models\MahasiswaList.php
C:\xampp\htdocs\perpus.puskom.uncen.ac.id\models\MahasiswaView.php
C:\xampp\htdocs\perpus.puskom.uncen.ac.id\models\Pejabat.php
C:\xampp\htdocs\perpus.puskom.uncen.ac.id\models\PejabatAdd.php
C:\xampp\htdocs\perpus.puskom.uncen.ac.id\models\PejabatDelete.php
C:\xampp\htdocs\perpus.puskom.uncen.ac.id\models\PejabatEdit.php
C:\xampp\htdocs\perpus.puskom.uncen.ac.id\models\PejabatList.php
C:\xampp\htdocs\perpus.puskom.uncen.ac.id\models\PejabatView.php
C:\xampp\htdocs\perpus.puskom.uncen.ac.id\models\PersonalData.php
C:\xampp\htdocs\perpus.puskom.uncen.ac.id\models\Printtermsconditions.php
C:\xampp\htdocs\perpus.puskom.uncen.ac.id\models\ProgramStudi.php
C:\xampp\htdocs\perpus.puskom.uncen.ac.id\models\ProgramStudiAdd.php
C:\xampp\htdocs\perpus.puskom.uncen.ac.id\models\ProgramStudiDelete.php
C:\xampp\htdocs\perpus.puskom.uncen.ac.id\models\ProgramStudiEdit.php
C:\xampp\htdocs\perpus.puskom.uncen.ac.id\models\ProgramStudiList.php
C:\xampp\htdocs\perpus.puskom.uncen.ac.id\models\ProgramStudiView.php
C:\xampp\htdocs\perpus.puskom.uncen.ac.id\models\ResetPassword.php
C:\xampp\htdocs\perpus.puskom.uncen.ac.id\models\Settings.php
C:\xampp\htdocs\perpus.puskom.uncen.ac.id\models\SettingsAdd.php
C:\xampp\htdocs\perpus.puskom.uncen.ac.id\models\SettingsDelete.php
C:\xampp\htdocs\perpus.puskom.uncen.ac.id\models\SettingsEdit.php
C:\xampp\htdocs\perpus.puskom.uncen.ac.id\models\SettingsList.php
C:\xampp\htdocs\perpus.puskom.uncen.ac.id\models\SettingsView.php
C:\xampp\htdocs\perpus.puskom.uncen.ac.id\models\SuratKeterangan.php
C:\xampp\htdocs\perpus.puskom.uncen.ac.id\models\SuratKeteranganAdd.php
C:\xampp\htdocs\perpus.puskom.uncen.ac.id\models\SuratKeteranganDelete.php
C:\xampp\htdocs\perpus.puskom.uncen.ac.id\models\SuratKeteranganEdit.php
C:\xampp\htdocs\perpus.puskom.uncen.ac.id\models\SuratKeteranganList.php
C:\xampp\htdocs\perpus.puskom.uncen.ac.id\models\SuratKeteranganView.php
C:\xampp\htdocs\perpus.puskom.uncen.ac.id\models\Suratket.php
C:\xampp\htdocs\perpus.puskom.uncen.ac.id\models\Theuserprofile.php
C:\xampp\htdocs\perpus.puskom.uncen.ac.id\models\TheuserprofileAdd.php
C:\xampp\htdocs\perpus.puskom.uncen.ac.id\models\TheuserprofileDelete.php
C:\xampp\htdocs\perpus.puskom.uncen.ac.id\models\TheuserprofileEdit.php
C:\xampp\htdocs\perpus.puskom.uncen.ac.id\models\TheuserprofileList.php
C:\xampp\htdocs\perpus.puskom.uncen.ac.id\models\TheuserprofileSearch.php
C:\xampp\htdocs\perpus.puskom.uncen.ac.id\models\TheuserprofileView.php
C:\xampp\htdocs\perpus.puskom.uncen.ac.id\models\Userlevelpermissions.php
C:\xampp\htdocs\perpus.puskom.uncen.ac.id\models\UserlevelpermissionsAdd.php
C:\xampp\htdocs\perpus.puskom.uncen.ac.id\models\UserlevelpermissionsDelete.php
C:\xampp\htdocs\perpus.puskom.uncen.ac.id\models\UserlevelpermissionsEdit.php
C:\xampp\htdocs\perpus.puskom.uncen.ac.id\models\UserlevelpermissionsList.php
C:\xampp\htdocs\perpus.puskom.uncen.ac.id\models\UserlevelpermissionsView.php
C:\xampp\htdocs\perpus.puskom.uncen.ac.id\models\Userlevels.php
C:\xampp\htdocs\perpus.puskom.uncen.ac.id\models\UserlevelsAdd.php
C:\xampp\htdocs\perpus.puskom.uncen.ac.id\models\UserlevelsDelete.php
C:\xampp\htdocs\perpus.puskom.uncen.ac.id\models\UserlevelsEdit.php
C:\xampp\htdocs\perpus.puskom.uncen.ac.id\models\UserlevelsList.php
C:\xampp\htdocs\perpus.puskom.uncen.ac.id\models\UserlevelsView.php
C:\xampp\htdocs\perpus.puskom.uncen.ac.id\models\Userpriv.php
C:\xampp\htdocs\perpus.puskom.uncen.ac.id\models\Users.php
C:\xampp\htdocs\perpus.puskom.uncen.ac.id\models\UsersAdd.php
C:\xampp\htdocs\perpus.puskom.uncen.ac.id\models\UsersDelete.php
C:\xampp\htdocs\perpus.puskom.uncen.ac.id\models\UsersEdit.php
C:\xampp\htdocs\perpus.puskom.uncen.ac.id\models\UsersGrid.php
C:\xampp\htdocs\perpus.puskom.uncen.ac.id\models\UsersList.php
C:\xampp\htdocs\perpus.puskom.uncen.ac.id\models\UsersPreview.php
C:\xampp\htdocs\perpus.puskom.uncen.ac.id\models\UsersSearch.php
C:\xampp\htdocs\perpus.puskom.uncen.ac.id\models\UsersView.php
C:\xampp\htdocs\perpus.puskom.uncen.ac.id\models\Vsrtket.php
C:\xampp\htdocs\perpus.puskom.uncen.ac.id\models\VsrtketList.php
C:\xampp\htdocs\perpus.puskom.uncen.ac.id\package.json
C:\xampp\htdocs\perpus.puskom.uncen.ac.id\src\AbstractCheckCredentialsListener.php
C:\xampp\htdocs\perpus.puskom.uncen.ac.id\src\AbstractController.php
C:\xampp\htdocs\perpus.puskom.uncen.ac.id\src\AbstractEntity.php
C:\xampp\htdocs\perpus.puskom.uncen.ac.id\src\AbstractExport.php
C:\xampp\htdocs\perpus.puskom.uncen.ac.id\src\AbstractExportBase.php
C:\xampp\htdocs\perpus.puskom.uncen.ac.id\src\AbstractTwoFactorAuthentication.php
C:\xampp\htdocs\perpus.puskom.uncen.ac.id\src\AccessTokenExtractor.php
C:\xampp\htdocs\perpus.puskom.uncen.ac.id\src\AccessTokenHandler.php
C:\xampp\htdocs\perpus.puskom.uncen.ac.id\src\AccessTokenUser.php
C:\xampp\htdocs\perpus.puskom.uncen.ac.id\src\AccessTokenUserProvider.php
C:\xampp\htdocs\perpus.puskom.uncen.ac.id\src\ActionType.php
C:\xampp\htdocs\perpus.puskom.uncen.ac.id\src\AdvancedFilter.php
C:\xampp\htdocs\perpus.puskom.uncen.ac.id\src\AdvancedSearch.php
C:\xampp\htdocs\perpus.puskom.uncen.ac.id\src\AdvancedSecurity.php
C:\xampp\htdocs\perpus.puskom.uncen.ac.id\src\AdvancedUserInterface.php
C:\xampp\htdocs\perpus.puskom.uncen.ac.id\src\Allow.php
C:\xampp\htdocs\perpus.puskom.uncen.ac.id\src\ApiActionEvent.php
C:\xampp\htdocs\perpus.puskom.uncen.ac.id\src\ApiPermissionMiddleware.php
C:\xampp\htdocs\perpus.puskom.uncen.ac.id\src\AttributeRouteControllerLoader.php
C:\xampp\htdocs\perpus.puskom.uncen.ac.id\src\Attributes.php
C:\xampp\htdocs\perpus.puskom.uncen.ac.id\src\AuditTrailHandler.php
C:\xampp\htdocs\perpus.puskom.uncen.ac.id\src\AuthenticationEntryPoint.php
C:\xampp\htdocs\perpus.puskom.uncen.ac.id\src\AuthenticationEventSubscriber.php
C:\xampp\htdocs\perpus.puskom.uncen.ac.id\src\AuthenticationFailureHandler.php
C:\xampp\htdocs\perpus.puskom.uncen.ac.id\src\AuthenticationMiddleware.php
C:\xampp\htdocs\perpus.puskom.uncen.ac.id\src\AuthenticationSuccessHandler.php
C:\xampp\htdocs\perpus.puskom.uncen.ac.id\src\BasicSearch.php
C:\xampp\htdocs\perpus.puskom.uncen.ac.id\src\Breadcrumb.php
C:\xampp\htdocs\perpus.puskom.uncen.ac.id\src\BytesType.php
C:\xampp\htdocs\perpus.puskom.uncen.ac.id\src\CaptchaBase.php
C:\xampp\htdocs\perpus.puskom.uncen.ac.id\src\CaptchaInterface.php
C:\xampp\htdocs\perpus.puskom.uncen.ac.id\src\ChartExporter.php
C:\xampp\htdocs\perpus.puskom.uncen.ac.id\src\ChartJsRenderer.php
C:\xampp\htdocs\perpus.puskom.uncen.ac.id\src\ChartRendererInterface.php
C:\xampp\htdocs\perpus.puskom.uncen.ac.id\src\ChartTypes.php
C:\xampp\htdocs\perpus.puskom.uncen.ac.id\src\Cognito.php
C:\xampp\htdocs\perpus.puskom.uncen.ac.id\src\ConfigurationEvent.php
C:\xampp\htdocs\perpus.puskom.uncen.ac.id\src\ConnectionFactory.php
C:\xampp\htdocs\perpus.puskom.uncen.ac.id\src\ContainerBuildEvent.php
C:\xampp\htdocs\perpus.puskom.uncen.ac.id\src\ContainerBuiltEvent.php
C:\xampp\htdocs\perpus.puskom.uncen.ac.id\src\CrosstabColumn.php
C:\xampp\htdocs\perpus.puskom.uncen.ac.id\src\CrosstabTable.php
C:\xampp\htdocs\perpus.puskom.uncen.ac.id\src\CspMiddleware.php
C:\xampp\htdocs\perpus.puskom.uncen.ac.id\src\CsrfMiddleware.php
C:\xampp\htdocs\perpus.puskom.uncen.ac.id\src\CustomUploadHandler.php
C:\xampp\htdocs\perpus.puskom.uncen.ac.id\src\DataType.php
C:\xampp\htdocs\perpus.puskom.uncen.ac.id\src\DatabaseConnectedEvent.php
C:\xampp\htdocs\perpus.puskom.uncen.ac.id\src\DatabaseConnectingEvent.php
C:\xampp\htdocs\perpus.puskom.uncen.ac.id\src\DbChart.php
C:\xampp\htdocs\perpus.puskom.uncen.ac.id\src\DbField.php
C:\xampp\htdocs\perpus.puskom.uncen.ac.id\src\DbFields.php
C:\xampp\htdocs\perpus.puskom.uncen.ac.id\src\DbTable.php
C:\xampp\htdocs\perpus.puskom.uncen.ac.id\src\DbTableBase.php
C:\xampp\htdocs\perpus.puskom.uncen.ac.id\src\DebugStack.php
C:\xampp\htdocs\perpus.puskom.uncen.ac.id\src\DoctrineCollector.php
C:\xampp\htdocs\perpus.puskom.uncen.ac.id\src\Email.php
C:\xampp\htdocs\perpus.puskom.uncen.ac.id\src\EmailTwoFactorAuthentication.php
C:\xampp\htdocs\perpus.puskom.uncen.ac.id\src\EntityDescriptor.php
C:\xampp\htdocs\perpus.puskom.uncen.ac.id\src\EntityManagerFactory.php
C:\xampp\htdocs\perpus.puskom.uncen.ac.id\src\EntityUserProvider.php
C:\xampp\htdocs\perpus.puskom.uncen.ac.id\src\Entity\Announcement.php
C:\xampp\htdocs\perpus.puskom.uncen.ac.id\src\Entity\Fakulta.php
C:\xampp\htdocs\perpus.puskom.uncen.ac.id\src\Entity\Help.php
C:\xampp\htdocs\perpus.puskom.uncen.ac.id\src\Entity\HelpCategory.php
C:\xampp\htdocs\perpus.puskom.uncen.ac.id\src\Entity\Jurusan.php
C:\xampp\htdocs\perpus.puskom.uncen.ac.id\src\Entity\Language.php
C:\xampp\htdocs\perpus.puskom.uncen.ac.id\src\Entity\Mahasiswa.php
C:\xampp\htdocs\perpus.puskom.uncen.ac.id\src\Entity\Pejabat.php
C:\xampp\htdocs\perpus.puskom.uncen.ac.id\src\Entity\ProgramStudi.php
C:\xampp\htdocs\perpus.puskom.uncen.ac.id\src\Entity\Setting.php
C:\xampp\htdocs\perpus.puskom.uncen.ac.id\src\Entity\SuratKeterangan.php
C:\xampp\htdocs\perpus.puskom.uncen.ac.id\src\Entity\Theuserprofile.php
C:\xampp\htdocs\perpus.puskom.uncen.ac.id\src\Entity\User.php
C:\xampp\htdocs\perpus.puskom.uncen.ac.id\src\Entity\Userlevel.php
C:\xampp\htdocs\perpus.puskom.uncen.ac.id\src\Entity\Userlevelpermission.php
C:\xampp\htdocs\perpus.puskom.uncen.ac.id\src\Entity\Vsrtket.php
C:\xampp\htdocs\perpus.puskom.uncen.ac.id\src\ExportCsv.php
C:\xampp\htdocs\perpus.puskom.uncen.ac.id\src\ExportEmail.php
C:\xampp\htdocs\perpus.puskom.uncen.ac.id\src\ExportExcel.php
C:\xampp\htdocs\perpus.puskom.uncen.ac.id\src\ExportHandler.php
C:\xampp\htdocs\perpus.puskom.uncen.ac.id\src\ExportHtml.php
C:\xampp\htdocs\perpus.puskom.uncen.ac.id\src\ExportJson.php
C:\xampp\htdocs\perpus.puskom.uncen.ac.id\src\ExportPdf.php
C:\xampp\htdocs\perpus.puskom.uncen.ac.id\src\ExportPdfMasino.php
C:\xampp\htdocs\perpus.puskom.uncen.ac.id\src\ExportPrint.php
C:\xampp\htdocs\perpus.puskom.uncen.ac.id\src\ExportWord.php
C:\xampp\htdocs\perpus.puskom.uncen.ac.id\src\ExportXml.php
C:\xampp\htdocs\perpus.puskom.uncen.ac.id\src\FileUploadHandler.php
C:\xampp\htdocs\perpus.puskom.uncen.ac.id\src\FileViewer.php
C:\xampp\htdocs\perpus.puskom.uncen.ac.id\src\FirewallRequestMatcher.php
C:\xampp\htdocs\perpus.puskom.uncen.ac.id\src\ForceLogoutUserAction.php
C:\xampp\htdocs\perpus.puskom.uncen.ac.id\src\FormLogin1faAuthenticator.php
C:\xampp\htdocs\perpus.puskom.uncen.ac.id\src\FormLogin2faAuthenticator.php
C:\xampp\htdocs\perpus.puskom.uncen.ac.id\src\FormTrait.php
C:\xampp\htdocs\perpus.puskom.uncen.ac.id\src\GeographyType.php
C:\xampp\htdocs\perpus.puskom.uncen.ac.id\src\GeometryType.php
C:\xampp\htdocs\perpus.puskom.uncen.ac.id\src\HierarchyIdType.php
C:\xampp\htdocs\perpus.puskom.uncen.ac.id\src\HttpErrorHandler.php
C:\xampp\htdocs\perpus.puskom.uncen.ac.id\src\HttpFoundationFactory.php
C:\xampp\htdocs\perpus.puskom.uncen.ac.id\src\HttpKernel.php
C:\xampp\htdocs\perpus.puskom.uncen.ac.id\src\HttpServiceUnavailableException.php
C:\xampp\htdocs\perpus.puskom.uncen.ac.id\src\HttpUpload.php
C:\xampp\htdocs\perpus.puskom.uncen.ac.id\src\HybridauthSessionStorage.php
C:\xampp\htdocs\perpus.puskom.uncen.ac.id\src\JavascriptRenderer.php
C:\xampp\htdocs\perpus.puskom.uncen.ac.id\src\JwtMiddleware.php
C:\xampp\htdocs\perpus.puskom.uncen.ac.id\src\Language.php
C:\xampp\htdocs\perpus.puskom.uncen.ac.id\src\LanguageLoadEvent.php
C:\xampp\htdocs\perpus.puskom.uncen.ac.id\src\LegacyPasswordHasher.php
C:\xampp\htdocs\perpus.puskom.uncen.ac.id\src\ListAction.php
C:\xampp\htdocs\perpus.puskom.uncen.ac.id\src\ListActions.php
C:\xampp\htdocs\perpus.puskom.uncen.ac.id\src\ListOption.php
C:\xampp\htdocs\perpus.puskom.uncen.ac.id\src\ListOptions.php
C:\xampp\htdocs\perpus.puskom.uncen.ac.id\src\ListOptionsCollection.php
C:\xampp\htdocs\perpus.puskom.uncen.ac.id\src\LoginRateLimiter.php
C:\xampp\htdocs\perpus.puskom.uncen.ac.id\src\LoginStatusEvent.php
C:\xampp\htdocs\perpus.puskom.uncen.ac.id\src\LogoutSubscriber.php
C:\xampp\htdocs\perpus.puskom.uncen.ac.id\src\Lookup.php
C:\xampp\htdocs\perpus.puskom.uncen.ac.id\src\MaintenanceMiddleware.php
C:\xampp\htdocs\perpus.puskom.uncen.ac.id\src\Menu.php
C:\xampp\htdocs\perpus.puskom.uncen.ac.id\src\MenuItem.php
C:\xampp\htdocs\perpus.puskom.uncen.ac.id\src\MenuItemAddingEvent.php
C:\xampp\htdocs\perpus.puskom.uncen.ac.id\src\MenuRenderedEvent.php
C:\xampp\htdocs\perpus.puskom.uncen.ac.id\src\MenuRenderingEvent.php
C:\xampp\htdocs\perpus.puskom.uncen.ac.id\src\MessagesTrait.php
C:\xampp\htdocs\perpus.puskom.uncen.ac.id\src\MicrosoftEntraID.php
C:\xampp\htdocs\perpus.puskom.uncen.ac.id\src\NumericPager.php
C:\xampp\htdocs\perpus.puskom.uncen.ac.id\src\OptionValues.php
C:\xampp\htdocs\perpus.puskom.uncen.ac.id\src\PHPMailerTransport.php
C:\xampp\htdocs\perpus.puskom.uncen.ac.id\src\PageLoadingEvent.php
C:\xampp\htdocs\perpus.puskom.uncen.ac.id\src\PageRenderingEvent.php
C:\xampp\htdocs\perpus.puskom.uncen.ac.id\src\PageUnloadedEvent.php
C:\xampp\htdocs\perpus.puskom.uncen.ac.id\src\Pager.php
C:\xampp\htdocs\perpus.puskom.uncen.ac.id\src\PagerItem.php
C:\xampp\htdocs\perpus.puskom.uncen.ac.id\src\PasswordHash.php
C:\xampp\htdocs\perpus.puskom.uncen.ac.id\src\PermissionMiddleware.php
C:\xampp\htdocs\perpus.puskom.uncen.ac.id\src\PhpCaptcha.php
C:\xampp\htdocs\perpus.puskom.uncen.ac.id\src\PhpDebugBar.php
C:\xampp\htdocs\perpus.puskom.uncen.ac.id\src\PhpDebugBarMiddleware.php
C:\xampp\htdocs\perpus.puskom.uncen.ac.id\src\PhpEncryption.php
C:\xampp\htdocs\perpus.puskom.uncen.ac.id\src\PhpHttpDriver.php
C:\xampp\htdocs\perpus.puskom.uncen.ac.id\src\PhpMailerTransportFactory.php
C:\xampp\htdocs\perpus.puskom.uncen.ac.id\src\PragmaRxTwoFactorAuthentication.php
C:\xampp\htdocs\perpus.puskom.uncen.ac.id\src\PrevNextPager.php
C:\xampp\htdocs\perpus.puskom.uncen.ac.id\src\ProfileStorage.php
C:\xampp\htdocs\perpus.puskom.uncen.ac.id\src\PushNotification.php
C:\xampp\htdocs\perpus.puskom.uncen.ac.id\src\ReportField.php
C:\xampp\htdocs\perpus.puskom.uncen.ac.id\src\ReportTable.php
C:\xampp\htdocs\perpus.puskom.uncen.ac.id\src\RequestDataCollector.php
C:\xampp\htdocs\perpus.puskom.uncen.ac.id\src\RequestResponseStrategy.php
C:\xampp\htdocs\perpus.puskom.uncen.ac.id\src\ResendRegisterEmailAction.php
C:\xampp\htdocs\perpus.puskom.uncen.ac.id\src\ResetConcurrentUserAction.php
C:\xampp\htdocs\perpus.puskom.uncen.ac.id\src\ResetLoginRetryAction.php
C:\xampp\htdocs\perpus.puskom.uncen.ac.id\src\ResetUserSecretAction.php
C:\xampp\htdocs\perpus.puskom.uncen.ac.id\src\RouteActionEvent.php
C:\xampp\htdocs\perpus.puskom.uncen.ac.id\src\RouteAttributes.php
C:\xampp\htdocs\perpus.puskom.uncen.ac.id\src\RowSummary.php
C:\xampp\htdocs\perpus.puskom.uncen.ac.id\src\RowTotal.php
C:\xampp\htdocs\perpus.puskom.uncen.ac.id\src\RowType.php
C:\xampp\htdocs\perpus.puskom.uncen.ac.id\src\Saml2.php
C:\xampp\htdocs\perpus.puskom.uncen.ac.id\src\SecurityContainerCompiledEvent.php
C:\xampp\htdocs\perpus.puskom.uncen.ac.id\src\SecurityContainerCompilingEvent.php
C:\xampp\htdocs\perpus.puskom.uncen.ac.id\src\SecurityContainerFactory.php
C:\xampp\htdocs\perpus.puskom.uncen.ac.id\src\SecurityServiceLocator.php
C:\xampp\htdocs\perpus.puskom.uncen.ac.id\src\SendLoginLinkAction.php
C:\xampp\htdocs\perpus.puskom.uncen.ac.id\src\SendOneTimePasswordInterface.php
C:\xampp\htdocs\perpus.puskom.uncen.ac.id\src\ServicesConfigurationEvent.php
C:\xampp\htdocs\perpus.puskom.uncen.ac.id\src\SessionHandler.php
C:\xampp\htdocs\perpus.puskom.uncen.ac.id\src\SessionMiddleware.php
C:\xampp\htdocs\perpus.puskom.uncen.ac.id\src\SetPasswordExpiredAction.php
C:\xampp\htdocs\perpus.puskom.uncen.ac.id\src\SmsTwoFactorAuthentication.php
C:\xampp\htdocs\perpus.puskom.uncen.ac.id\src\SsoStateSessionStore.php
C:\xampp\htdocs\perpus.puskom.uncen.ac.id\src\SubPage.php
C:\xampp\htdocs\perpus.puskom.uncen.ac.id\src\SubPages.php
C:\xampp\htdocs\perpus.puskom.uncen.ac.id\src\SummaryField.php
C:\xampp\htdocs\perpus.puskom.uncen.ac.id\src\SwitchUserAction.php
C:\xampp\htdocs\perpus.puskom.uncen.ac.id\src\SwitchUserVoter.php
C:\xampp\htdocs\perpus.puskom.uncen.ac.id\src\SymfonyMailCollector.php
C:\xampp\htdocs\perpus.puskom.uncen.ac.id\src\TwoFactorAuthenticatedToken.php
C:\xampp\htdocs\perpus.puskom.uncen.ac.id\src\TwoFactorAuthenticatingToken.php
C:\xampp\htdocs\perpus.puskom.uncen.ac.id\src\TwoFactorAuthenticationInterface.php
C:\xampp\htdocs\perpus.puskom.uncen.ac.id\src\UploadHandler.php
C:\xampp\htdocs\perpus.puskom.uncen.ac.id\src\UrlGenerator.php
C:\xampp\htdocs\perpus.puskom.uncen.ac.id\src\UserActivatedException.php
C:\xampp\htdocs\perpus.puskom.uncen.ac.id\src\UserChecker.php
C:\xampp\htdocs\perpus.puskom.uncen.ac.id\src\UserProfile.php
C:\xampp\htdocs\perpus.puskom.uncen.ac.id\src\UserRepository.php
C:\xampp\htdocs\perpus.puskom.uncen.ac.id\src\WindowsUser.php
C:\xampp\htdocs\perpus.puskom.uncen.ac.id\src\WindowsUserProvider.php
C:\xampp\htdocs\perpus.puskom.uncen.ac.id\src\XmlDocument.php
C:\xampp\htdocs\perpus.puskom.uncen.ac.id\src\apiroutes.php
C:\xampp\htdocs\perpus.puskom.uncen.ac.id\src\config.development.php
C:\xampp\htdocs\perpus.puskom.uncen.ac.id\src\config.php
C:\xampp\htdocs\perpus.puskom.uncen.ac.id\src\config.production.php
C:\xampp\htdocs\perpus.puskom.uncen.ac.id\src\config.security.php
C:\xampp\htdocs\perpus.puskom.uncen.ac.id\src\constants.php
C:\xampp\htdocs\perpus.puskom.uncen.ac.id\src\definitions.php
C:\xampp\htdocs\perpus.puskom.uncen.ac.id\src\lock.php
C:\xampp\htdocs\perpus.puskom.uncen.ac.id\src\phpfn.php
C:\xampp\htdocs\perpus.puskom.uncen.ac.id\src\routes.php
C:\xampp\htdocs\perpus.puskom.uncen.ac.id\src\security.php
C:\xampp\htdocs\perpus.puskom.uncen.ac.id\src\services.php
C:\xampp\htdocs\perpus.puskom.uncen.ac.id\src\userfn.php
C:\xampp\htdocs\perpus.puskom.uncen.ac.id\src\userlevelsettings.php
C:\xampp\htdocs\perpus.puskom.uncen.ac.id\views\AnnouncementAdd.php
C:\xampp\htdocs\perpus.puskom.uncen.ac.id\views\AnnouncementDelete.php
C:\xampp\htdocs\perpus.puskom.uncen.ac.id\views\AnnouncementEdit.php
C:\xampp\htdocs\perpus.puskom.uncen.ac.id\views\AnnouncementList.php
C:\xampp\htdocs\perpus.puskom.uncen.ac.id\views\AnnouncementView.php
C:\xampp\htdocs\perpus.puskom.uncen.ac.id\views\Breadcrumblinksaddsp.php
C:\xampp\htdocs\perpus.puskom.uncen.ac.id\views\Breadcrumblinkschecksp.php
C:\xampp\htdocs\perpus.puskom.uncen.ac.id\views\Breadcrumblinksdeletesp.php
C:\xampp\htdocs\perpus.puskom.uncen.ac.id\views\Breadcrumblinksmovesp.php
C:\xampp\htdocs\perpus.puskom.uncen.ac.id\views\ChangePassword.php
C:\xampp\htdocs\perpus.puskom.uncen.ac.id\views\Error.php
C:\xampp\htdocs\perpus.puskom.uncen.ac.id\views\FakultasAdd.php
C:\xampp\htdocs\perpus.puskom.uncen.ac.id\views\FakultasDelete.php
C:\xampp\htdocs\perpus.puskom.uncen.ac.id\views\FakultasEdit.php
C:\xampp\htdocs\perpus.puskom.uncen.ac.id\views\FakultasList.php
C:\xampp\htdocs\perpus.puskom.uncen.ac.id\views\FakultasView.php
C:\xampp\htdocs\perpus.puskom.uncen.ac.id\views\HelpAdd.php
C:\xampp\htdocs\perpus.puskom.uncen.ac.id\views\HelpCategoriesAdd.php
C:\xampp\htdocs\perpus.puskom.uncen.ac.id\views\HelpCategoriesDelete.php
C:\xampp\htdocs\perpus.puskom.uncen.ac.id\views\HelpCategoriesEdit.php
C:\xampp\htdocs\perpus.puskom.uncen.ac.id\views\HelpCategoriesList.php
C:\xampp\htdocs\perpus.puskom.uncen.ac.id\views\HelpCategoriesMaster.php
C:\xampp\htdocs\perpus.puskom.uncen.ac.id\views\HelpCategoriesView.php
C:\xampp\htdocs\perpus.puskom.uncen.ac.id\views\HelpDelete.php
C:\xampp\htdocs\perpus.puskom.uncen.ac.id\views\HelpEdit.php
C:\xampp\htdocs\perpus.puskom.uncen.ac.id\views\HelpGrid.php
C:\xampp\htdocs\perpus.puskom.uncen.ac.id\views\HelpList.php
C:\xampp\htdocs\perpus.puskom.uncen.ac.id\views\HelpPreview.php
C:\xampp\htdocs\perpus.puskom.uncen.ac.id\views\HelpView.php
C:\xampp\htdocs\perpus.puskom.uncen.ac.id\views\Home.php
C:\xampp\htdocs\perpus.puskom.uncen.ac.id\views\JurusanAdd.php
C:\xampp\htdocs\perpus.puskom.uncen.ac.id\views\JurusanDelete.php
C:\xampp\htdocs\perpus.puskom.uncen.ac.id\views\JurusanEdit.php
C:\xampp\htdocs\perpus.puskom.uncen.ac.id\views\JurusanList.php
C:\xampp\htdocs\perpus.puskom.uncen.ac.id\views\JurusanView.php
C:\xampp\htdocs\perpus.puskom.uncen.ac.id\views\LanguagesAdd.php
C:\xampp\htdocs\perpus.puskom.uncen.ac.id\views\LanguagesDelete.php
C:\xampp\htdocs\perpus.puskom.uncen.ac.id\views\LanguagesEdit.php
C:\xampp\htdocs\perpus.puskom.uncen.ac.id\views\LanguagesList.php
C:\xampp\htdocs\perpus.puskom.uncen.ac.id\views\LanguagesView.php
C:\xampp\htdocs\perpus.puskom.uncen.ac.id\views\Loadaboutus.php
C:\xampp\htdocs\perpus.puskom.uncen.ac.id\views\Loadhelponline.php
C:\xampp\htdocs\perpus.puskom.uncen.ac.id\views\Loadtermsconditions.php
C:\xampp\htdocs\perpus.puskom.uncen.ac.id\views\Login.php
C:\xampp\htdocs\perpus.puskom.uncen.ac.id\views\MahasiswaAdd.php
C:\xampp\htdocs\perpus.puskom.uncen.ac.id\views\MahasiswaDelete.php
C:\xampp\htdocs\perpus.puskom.uncen.ac.id\views\MahasiswaEdit.php
C:\xampp\htdocs\perpus.puskom.uncen.ac.id\views\MahasiswaList.php
C:\xampp\htdocs\perpus.puskom.uncen.ac.id\views\MahasiswaView.php
C:\xampp\htdocs\perpus.puskom.uncen.ac.id\views\PejabatAdd.php
C:\xampp\htdocs\perpus.puskom.uncen.ac.id\views\PejabatDelete.php
C:\xampp\htdocs\perpus.puskom.uncen.ac.id\views\PejabatEdit.php
C:\xampp\htdocs\perpus.puskom.uncen.ac.id\views\PejabatList.php
C:\xampp\htdocs\perpus.puskom.uncen.ac.id\views\PejabatView.php
C:\xampp\htdocs\perpus.puskom.uncen.ac.id\views\PersonalData.php
C:\xampp\htdocs\perpus.puskom.uncen.ac.id\views\Printtermsconditions.php
C:\xampp\htdocs\perpus.puskom.uncen.ac.id\views\ProgramStudiAdd.php
C:\xampp\htdocs\perpus.puskom.uncen.ac.id\views\ProgramStudiDelete.php
C:\xampp\htdocs\perpus.puskom.uncen.ac.id\views\ProgramStudiEdit.php
C:\xampp\htdocs\perpus.puskom.uncen.ac.id\views\ProgramStudiList.php
C:\xampp\htdocs\perpus.puskom.uncen.ac.id\views\ProgramStudiView.php
C:\xampp\htdocs\perpus.puskom.uncen.ac.id\views\ResetPassword.php
C:\xampp\htdocs\perpus.puskom.uncen.ac.id\views\SettingsAdd.php
C:\xampp\htdocs\perpus.puskom.uncen.ac.id\views\SettingsDelete.php
C:\xampp\htdocs\perpus.puskom.uncen.ac.id\views\SettingsEdit.php
C:\xampp\htdocs\perpus.puskom.uncen.ac.id\views\SettingsList.php
C:\xampp\htdocs\perpus.puskom.uncen.ac.id\views\SettingsView.php
C:\xampp\htdocs\perpus.puskom.uncen.ac.id\views\SuratKeteranganAdd.php
C:\xampp\htdocs\perpus.puskom.uncen.ac.id\views\SuratKeteranganDelete.php
C:\xampp\htdocs\perpus.puskom.uncen.ac.id\views\SuratKeteranganEdit.php
C:\xampp\htdocs\perpus.puskom.uncen.ac.id\views\SuratKeteranganList.php
C:\xampp\htdocs\perpus.puskom.uncen.ac.id\views\SuratKeteranganView.php
C:\xampp\htdocs\perpus.puskom.uncen.ac.id\views\Suratket.php
C:\xampp\htdocs\perpus.puskom.uncen.ac.id\views\TheuserprofileAdd.php
C:\xampp\htdocs\perpus.puskom.uncen.ac.id\views\TheuserprofileDelete.php
C:\xampp\htdocs\perpus.puskom.uncen.ac.id\views\TheuserprofileEdit.php
C:\xampp\htdocs\perpus.puskom.uncen.ac.id\views\TheuserprofileList.php
C:\xampp\htdocs\perpus.puskom.uncen.ac.id\views\TheuserprofileSearch.php
C:\xampp\htdocs\perpus.puskom.uncen.ac.id\views\TheuserprofileView.php
C:\xampp\htdocs\perpus.puskom.uncen.ac.id\views\UserlevelpermissionsAdd.php
C:\xampp\htdocs\perpus.puskom.uncen.ac.id\views\UserlevelpermissionsDelete.php
C:\xampp\htdocs\perpus.puskom.uncen.ac.id\views\UserlevelpermissionsEdit.php
C:\xampp\htdocs\perpus.puskom.uncen.ac.id\views\UserlevelpermissionsList.php
C:\xampp\htdocs\perpus.puskom.uncen.ac.id\views\UserlevelpermissionsView.php
C:\xampp\htdocs\perpus.puskom.uncen.ac.id\views\UserlevelsAdd.php
C:\xampp\htdocs\perpus.puskom.uncen.ac.id\views\UserlevelsDelete.php
C:\xampp\htdocs\perpus.puskom.uncen.ac.id\views\UserlevelsEdit.php
C:\xampp\htdocs\perpus.puskom.uncen.ac.id\views\UserlevelsList.php
C:\xampp\htdocs\perpus.puskom.uncen.ac.id\views\UserlevelsMaster.php
C:\xampp\htdocs\perpus.puskom.uncen.ac.id\views\UserlevelsView.php
C:\xampp\htdocs\perpus.puskom.uncen.ac.id\views\Userpriv.php
C:\xampp\htdocs\perpus.puskom.uncen.ac.id\views\UsersAdd.php
C:\xampp\htdocs\perpus.puskom.uncen.ac.id\views\UsersDelete.php
C:\xampp\htdocs\perpus.puskom.uncen.ac.id\views\UsersEdit.php
C:\xampp\htdocs\perpus.puskom.uncen.ac.id\views\UsersGrid.php
C:\xampp\htdocs\perpus.puskom.uncen.ac.id\views\UsersList.php
C:\xampp\htdocs\perpus.puskom.uncen.ac.id\views\UsersPreview.php
C:\xampp\htdocs\perpus.puskom.uncen.ac.id\views\UsersSearch.php
C:\xampp\htdocs\perpus.puskom.uncen.ac.id\views\UsersView.php
C:\xampp\htdocs\perpus.puskom.uncen.ac.id\views\VsrtketList.php
C:\xampp\htdocs\perpus.puskom.uncen.ac.id\views\email.php
C:\xampp\htdocs\perpus.puskom.uncen.ac.id\views\layout.php
C:\xampp\htdocs\perpus.puskom.uncen.ac.id\views\menu.php
C:\xampp\htdocs\perpus.puskom.uncen.ac.id\views\swagger.php
C:\xampp\htdocs\perpus.puskom.uncen.ac.id\web.config